0 info it worked if it ends with ok
1 verbose cli [ '/Users/lijung/.nvm/v0.10.23/bin/node',
1 verbose cli   '/Users/lijung/.nvm/v0.10.23/bin/npm',
1 verbose cli   'publish',
1 verbose cli   './' ]
2 info using npm@1.3.17
3 info using node@v0.10.23
4 verbose publish [ './' ]
5 verbose cache add [ './', null ]
6 verbose cache add name=undefined spec="./" args=["./",null]
7 verbose parsed url { protocol: null,
7 verbose parsed url   slashes: null,
7 verbose parsed url   auth: null,
7 verbose parsed url   host: null,
7 verbose parsed url   port: null,
7 verbose parsed url   hostname: null,
7 verbose parsed url   hash: null,
7 verbose parsed url   search: null,
7 verbose parsed url   query: null,
7 verbose parsed url   pathname: './',
7 verbose parsed url   path: './',
7 verbose parsed url   href: './' }
8 silly lockFile 0ee6c175- ./
9 verbose lock ./ /Users/lijung/.npm/0ee6c175-.lock
10 verbose tar pack [ '/var/folders/jn/tnc0hcxj7zj0z1wxv4xbp67w0000gn/T/npm-19952-w4Cp4dW6/1392293757892-0.49165385286323726/tmp.tgz',
10 verbose tar pack   './' ]
11 verbose tarball /var/folders/jn/tnc0hcxj7zj0z1wxv4xbp67w0000gn/T/npm-19952-w4Cp4dW6/1392293757892-0.49165385286323726/tmp.tgz
12 verbose folder ./
13 info prepublish gulp-xml2json@0.1.0
14 silly lockFile 04cb2bca-tar tar://./
15 verbose lock tar://./ /Users/lijung/.npm/04cb2bca-tar.lock
16 silly lockFile b0d51d97-7892-0-49165385286323726-tmp-tgz tar:///var/folders/jn/tnc0hcxj7zj0z1wxv4xbp67w0000gn/T/npm-19952-w4Cp4dW6/1392293757892-0.49165385286323726/tmp.tgz
17 verbose lock tar:///var/folders/jn/tnc0hcxj7zj0z1wxv4xbp67w0000gn/T/npm-19952-w4Cp4dW6/1392293757892-0.49165385286323726/tmp.tgz /Users/lijung/.npm/b0d51d97-7892-0-49165385286323726-tmp-tgz.lock
18 silly lockFile 04cb2bca-tar tar://./
19 silly lockFile 04cb2bca-tar tar://./
20 silly lockFile b0d51d97-7892-0-49165385286323726-tmp-tgz tar:///var/folders/jn/tnc0hcxj7zj0z1wxv4xbp67w0000gn/T/npm-19952-w4Cp4dW6/1392293757892-0.49165385286323726/tmp.tgz
21 silly lockFile b0d51d97-7892-0-49165385286323726-tmp-tgz tar:///var/folders/jn/tnc0hcxj7zj0z1wxv4xbp67w0000gn/T/npm-19952-w4Cp4dW6/1392293757892-0.49165385286323726/tmp.tgz
22 verbose tar unpack /var/folders/jn/tnc0hcxj7zj0z1wxv4xbp67w0000gn/T/npm-19952-w4Cp4dW6/1392293757892-0.49165385286323726/tmp.tgz
23 silly lockFile d8973d43-7892-0-49165385286323726-package tar:///var/folders/jn/tnc0hcxj7zj0z1wxv4xbp67w0000gn/T/npm-19952-w4Cp4dW6/1392293757892-0.49165385286323726/package
24 verbose lock tar:///var/folders/jn/tnc0hcxj7zj0z1wxv4xbp67w0000gn/T/npm-19952-w4Cp4dW6/1392293757892-0.49165385286323726/package /Users/lijung/.npm/d8973d43-7892-0-49165385286323726-package.lock
25 silly lockFile b0d51d97-7892-0-49165385286323726-tmp-tgz tar:///var/folders/jn/tnc0hcxj7zj0z1wxv4xbp67w0000gn/T/npm-19952-w4Cp4dW6/1392293757892-0.49165385286323726/tmp.tgz
26 verbose lock tar:///var/folders/jn/tnc0hcxj7zj0z1wxv4xbp67w0000gn/T/npm-19952-w4Cp4dW6/1392293757892-0.49165385286323726/tmp.tgz /Users/lijung/.npm/b0d51d97-7892-0-49165385286323726-tmp-tgz.lock
27 silly gunzTarPerm modes [ '755', '644' ]
28 silly gunzTarPerm extractEntry package.json
29 silly gunzTarPerm extractEntry .npmignore
30 silly gunzTarPerm extractEntry README.md
31 silly gunzTarPerm extractEntry gulpfile.js
32 silly gunzTarPerm extractEntry index.js
33 silly gunzTarPerm extractEntry test.js
34 silly gunzTarPerm extractEntry sample/sample-csv.csv
35 silly lockFile d8973d43-7892-0-49165385286323726-package tar:///var/folders/jn/tnc0hcxj7zj0z1wxv4xbp67w0000gn/T/npm-19952-w4Cp4dW6/1392293757892-0.49165385286323726/package
36 silly lockFile d8973d43-7892-0-49165385286323726-package tar:///var/folders/jn/tnc0hcxj7zj0z1wxv4xbp67w0000gn/T/npm-19952-w4Cp4dW6/1392293757892-0.49165385286323726/package
37 silly lockFile b0d51d97-7892-0-49165385286323726-tmp-tgz tar:///var/folders/jn/tnc0hcxj7zj0z1wxv4xbp67w0000gn/T/npm-19952-w4Cp4dW6/1392293757892-0.49165385286323726/tmp.tgz
38 silly lockFile b0d51d97-7892-0-49165385286323726-tmp-tgz tar:///var/folders/jn/tnc0hcxj7zj0z1wxv4xbp67w0000gn/T/npm-19952-w4Cp4dW6/1392293757892-0.49165385286323726/tmp.tgz
39 verbose tar pack [ '/Users/lijung/.npm/gulp-xml2json/0.1.0/package.tgz',
39 verbose tar pack   '/var/folders/jn/tnc0hcxj7zj0z1wxv4xbp67w0000gn/T/npm-19952-w4Cp4dW6/1392293757892-0.49165385286323726/package' ]
40 verbose tarball /Users/lijung/.npm/gulp-xml2json/0.1.0/package.tgz
41 verbose folder /var/folders/jn/tnc0hcxj7zj0z1wxv4xbp67w0000gn/T/npm-19952-w4Cp4dW6/1392293757892-0.49165385286323726/package
42 silly lockFile d8973d43-7892-0-49165385286323726-package tar:///var/folders/jn/tnc0hcxj7zj0z1wxv4xbp67w0000gn/T/npm-19952-w4Cp4dW6/1392293757892-0.49165385286323726/package
43 verbose lock tar:///var/folders/jn/tnc0hcxj7zj0z1wxv4xbp67w0000gn/T/npm-19952-w4Cp4dW6/1392293757892-0.49165385286323726/package /Users/lijung/.npm/d8973d43-7892-0-49165385286323726-package.lock
44 silly lockFile c99d7af9--gulp-xml2json-0-1-0-package-tgz tar:///Users/lijung/.npm/gulp-xml2json/0.1.0/package.tgz
45 verbose lock tar:///Users/lijung/.npm/gulp-xml2json/0.1.0/package.tgz /Users/lijung/.npm/c99d7af9--gulp-xml2json-0-1-0-package-tgz.lock
46 silly lockFile d8973d43-7892-0-49165385286323726-package tar:///var/folders/jn/tnc0hcxj7zj0z1wxv4xbp67w0000gn/T/npm-19952-w4Cp4dW6/1392293757892-0.49165385286323726/package
47 silly lockFile d8973d43-7892-0-49165385286323726-package tar:///var/folders/jn/tnc0hcxj7zj0z1wxv4xbp67w0000gn/T/npm-19952-w4Cp4dW6/1392293757892-0.49165385286323726/package
48 silly lockFile c99d7af9--gulp-xml2json-0-1-0-package-tgz tar:///Users/lijung/.npm/gulp-xml2json/0.1.0/package.tgz
49 silly lockFile c99d7af9--gulp-xml2json-0-1-0-package-tgz tar:///Users/lijung/.npm/gulp-xml2json/0.1.0/package.tgz
50 silly lockFile 03f4f361--npm-gulp-xml2json-0-1-0-package /Users/lijung/.npm/gulp-xml2json/0.1.0/package
51 verbose lock /Users/lijung/.npm/gulp-xml2json/0.1.0/package /Users/lijung/.npm/03f4f361--npm-gulp-xml2json-0-1-0-package.lock
52 silly lockFile 03f4f361--npm-gulp-xml2json-0-1-0-package /Users/lijung/.npm/gulp-xml2json/0.1.0/package
53 silly lockFile 03f4f361--npm-gulp-xml2json-0-1-0-package /Users/lijung/.npm/gulp-xml2json/0.1.0/package
54 verbose tar unpack /Users/lijung/.npm/gulp-xml2json/0.1.0/package.tgz
55 silly lockFile f3d43252--npm-gulp-xml2json-0-1-0-package tar:///Users/lijung/.npm/gulp-xml2json/0.1.0/package
56 verbose lock tar:///Users/lijung/.npm/gulp-xml2json/0.1.0/package /Users/lijung/.npm/f3d43252--npm-gulp-xml2json-0-1-0-package.lock
57 silly lockFile c99d7af9--gulp-xml2json-0-1-0-package-tgz tar:///Users/lijung/.npm/gulp-xml2json/0.1.0/package.tgz
58 verbose lock tar:///Users/lijung/.npm/gulp-xml2json/0.1.0/package.tgz /Users/lijung/.npm/c99d7af9--gulp-xml2json-0-1-0-package-tgz.lock
59 silly gunzTarPerm modes [ '755', '644' ]
60 silly gunzTarPerm extractEntry package.json
61 silly gunzTarPerm extractEntry .npmignore
62 silly gunzTarPerm extractEntry README.md
63 silly gunzTarPerm extractEntry gulpfile.js
64 silly gunzTarPerm extractEntry index.js
65 silly gunzTarPerm extractEntry test.js
66 silly gunzTarPerm extractEntry sample/sample-csv.csv
67 silly lockFile f3d43252--npm-gulp-xml2json-0-1-0-package tar:///Users/lijung/.npm/gulp-xml2json/0.1.0/package
68 silly lockFile f3d43252--npm-gulp-xml2json-0-1-0-package tar:///Users/lijung/.npm/gulp-xml2json/0.1.0/package
69 silly lockFile c99d7af9--gulp-xml2json-0-1-0-package-tgz tar:///Users/lijung/.npm/gulp-xml2json/0.1.0/package.tgz
70 silly lockFile c99d7af9--gulp-xml2json-0-1-0-package-tgz tar:///Users/lijung/.npm/gulp-xml2json/0.1.0/package.tgz
71 verbose chmod /Users/lijung/.npm/gulp-xml2json/0.1.0/package.tgz 644
72 verbose chown /Users/lijung/.npm/gulp-xml2json/0.1.0/package.tgz [ 501, 20 ]
73 silly lockFile 0ee6c175- ./
74 silly lockFile 0ee6c175- ./
75 silly publish { name: 'gulp-xml2json',
75 silly publish   version: '0.1.0',
75 silly publish   description: 'xml to json using gulp',
75 silly publish   main: 'index.js',
75 silly publish   scripts: { test: 'mocha' },
75 silly publish   keywords: [ 'gulp', 'xml', 'json' ],
75 silly publish   dependencies:
75 silly publish    { 'gulp-util': '~2.2.0',
75 silly publish      'graceful-fs': '~2.0.0',
75 silly publish      filesize: '~2.0.0',
75 silly publish      'temp-write': '~0.1.0',
75 silly publish      'map-stream': '0.0.4',
75 silly publish      xml2js: '~0.4.1',
75 silly publish      gulp: '~3.5.2',
75 silly publish      csv: '~0.3.7' },
75 silly publish   author: { name: 'chilijung' },
75 silly publish   license: 'MIT',
75 silly publish   devDependencies: { mocha: '*' },
75 silly publish   readme: '# gulp-csv2json\n\ngulp plugin convert csv to json\n\n## Install\n\nInstall with [npm](https://npmjs.org/package/gulp-csv2json)\n\n```\nnpm install --save-dev gulp-csv2json\n```\n\n\n## Example\n\n```js\nvar gulp = require(\'gulp\');\nvar csv2json = require(\'gulp-csv2json\');\n\ngulp.task(\'default\', function () {\n\tgulp.src(\'src/**/*.csv\')\n\t\t.pipe(csv2json())\n\t\t.pipe(gulp.dest(\'dist\'));\n});\n```\n\n\n## API\n\n### csv2json()\n\n\n## License\n\nMIT [@chilijung](http://github.com/chilijung)\n',
75 silly publish   readmeFilename: 'README.md',
75 silly publish   _id: 'gulp-xml2json@0.1.0',
75 silly publish   dist: { shasum: 'b0b2a0fd22f38d9e224169fbee3553a190103127' },
75 silly publish   _from: './' }
76 verbose url raw gulp-xml2json
77 verbose url resolving [ 'https://registry.npmjs.org/', './gulp-xml2json' ]
78 verbose url resolved https://registry.npmjs.org/gulp-xml2json
79 info trying registry request attempt 1 at 20:15:57
80 http PUT https://registry.npmjs.org/gulp-xml2json
81 http 409 https://registry.npmjs.org/gulp-xml2json
82 verbose url raw gulp-xml2json
83 verbose url resolving [ 'https://registry.npmjs.org/', './gulp-xml2json' ]
84 verbose url resolved https://registry.npmjs.org/gulp-xml2json
85 info trying registry request attempt 1 at 20:15:59
86 http GET https://registry.npmjs.org/gulp-xml2json
87 http 200 https://registry.npmjs.org/gulp-xml2json
88 error publish fail Cannot publish over existing version.
88 error publish fail Update the 'version' field in package.json and try again.
88 error publish fail
88 error publish fail If the previous version was published in error, see:
88 error publish fail     npm help unpublish
88 error publish fail
88 error publish fail To automatically increment version numbers, see:
88 error publish fail     npm help version
89 error System Darwin 13.0.0
90 error command "/Users/lijung/.nvm/v0.10.23/bin/node" "/Users/lijung/.nvm/v0.10.23/bin/npm" "publish" "./"
91 error cwd /Users/lijung/Documents/dataGarage/gulp-csv2json
92 error node -v v0.10.23
93 error npm -v 1.3.17
94 error code EPUBLISHCONFLICT
95 verbose exit [ 1, true ]
